c:\users\shahd\source\repos\project2\project2\debug\vc142.pdb
c:\users\shahd\source\repos\project2\project2\debug\vc142.idb
c:\users\shahd\source\repos\project2\project2\debug\parser.obj
c:\users\shahd\source\repos\project2\project2\debug\main.obj
c:\users\shahd\source\repos\project2\project2\debug\lexer.obj
c:\users\shahd\source\repos\project2\project2\debug\int.obj
c:\users\shahd\source\repos\project2\debug\project2.exe
c:\users\shahd\source\repos\project2\debug\project2.ilk
c:\users\shahd\source\repos\project2\debug\project2.pdb
c:\users\shahd\source\repos\project2\project2\debug\vcpkg.applocal.log
c:\users\shahd\source\repos\project2\debug\cpprest_2_10d.dll
c:\users\shahd\source\repos\project2\debug\pocofoundationd.dll
c:\users\shahd\source\repos\project2\debug\pcred.dll
c:\users\shahd\source\repos\project2\debug\zlibd1.dll
c:\users\shahd\source\repos\project2\debug\poconetd.dll
c:\users\shahd\source\repos\project2\debug\pocoutild.dll
c:\users\shahd\source\repos\project2\debug\pocoxmld.dll
c:\users\shahd\source\repos\project2\debug\expatd.dll
c:\users\shahd\source\repos\project2\debug\pocojsond.dll
c:\users\shahd\source\repos\project2\project2\debug\source.obj
c:\users\shahd\source\repos\project2\project2\debug\int.obj.enc
c:\users\shahd\source\repos\project2\project2\debug\lexer.obj.enc
c:\users\shahd\source\repos\project2\project2\debug\main.obj.enc
c:\users\shahd\source\repos\project2\project2\debug\parser.obj.enc
c:\users\shahd\source\repos\project2\project2\debug\source.obj.enc
c:\users\shahd\source\repos\project2\project2\debug\project2.tlog\cl.command.1.tlog
c:\users\shahd\source\repos\project2\project2\debug\project2.tlog\cl.read.1.tlog
c:\users\shahd\source\repos\project2\project2\debug\project2.tlog\cl.write.1.tlog
c:\users\shahd\source\repos\project2\project2\debug\project2.tlog\link.command.1.tlog
c:\users\shahd\source\repos\project2\project2\debug\project2.tlog\link.read.1.tlog
c:\users\shahd\source\repos\project2\project2\debug\project2.tlog\link.write.1.tlog
c:\users\shahd\source\repos\project2\project2\debug\project2.tlog\project2.write.1u.tlog
